<?xml version="1.0" encoding="UTF-8"?>
<testsuite name="com.group.libraryapp.JunitTest" tests="1" skipped="0" failures="0" errors="0" timestamp="2024-11-09T12:26:33" hostname="yugeon-uui-MacBookAir.local" time="0.001">
  <properties/>
  <testcase name="test()" classname="com.group.libraryapp.JunitTest" time="0.001"/>
  <system-out><![CDATA[모든 테스트 시작 전 
각 테스트 시작 전 
테스트
각 테스트 실행 후
모든 테스트 종료 후
]]></system-out>
  <system-err><![CDATA[]]></system-err>
</testsuite>
